<?xml version="1.0" encoding="UTF-8"?>
<!-- Generated by org.testng.reporters.JUnitReportReporter -->
<testsuite hostname="LIN-BTLH6J3" failures="0" tests="4" name="testcases.T001_validate_loginpage" time="29.071" errors="0" timestamp="2024-12-19T16:06:57 IST" skipped="0">
  <testcase classname="testcases.T001_validate_loginpage" name="verifyloginpage" time="3.056"/>
  <testcase classname="testcases.T001_validate_loginpage" name="verifyloginpage" time="11.663"/>
  <testcase classname="testcases.T001_validate_loginpage" name="verifyloginpage" time="11.543"/>
  <testcase classname="testcases.T001_validate_loginpage" name="verifyloginpage" time="2.809"/>
</testsuite> <!-- testcases.T001_validate_loginpage -->
