<?xml version="1.0" encoding="UTF-8"?>
<!-- Generated by org.testng.reporters.JUnitReportReporter -->
<testsuite hostname="LIN-BTLH6J3" failures="0" tests="1" name="testcases.homepage_1" time="2.486" errors="0" timestamp="2024-12-11T13:14:52 IST" skipped="0">
  <testcase classname="testcases.homepage_1" name="registerpage" time="2.486"/>
</testsuite> <!-- testcases.homepage_1 -->
