<?xml version="1.0" encoding="UTF-8"?>
<!-- Generated by org.testng.reporters.JUnitReportReporter -->
<testsuite hostname="LIN-BTLH6J3" failures="0" tests="1" name="testbase1.baseclass_1" time="0.673" errors="0" timestamp="2024-12-10T17:21:30 IST" skipped="0">
  <testcase classname="testbase1.baseclass_1" name="registerpage" time="0.673"/>
</testsuite> <!-- testbase1.baseclass_1 -->
